0 info it worked if it ends with ok
1 verbose cli [ '/usr/bin/node', '/usr/bin/npm', 'run', 'grunt' ]
2 info using npm@4.0.5
3 info using node@v7.4.0
4 verbose run-script [ 'pregrunt', 'grunt', 'postgrunt' ]
5 info lifecycle nodejs_ag2@1.0.0~pregrunt: nodejs_ag2@1.0.0
6 silly lifecycle nodejs_ag2@1.0.0~pregrunt: no script for pregrunt, continuing
7 info lifecycle nodejs_ag2@1.0.0~grunt: nodejs_ag2@1.0.0
8 verbose lifecycle nodejs_ag2@1.0.0~grunt: unsafe-perm in lifecycle true
9 verbose lifecycle nodejs_ag2@1.0.0~grunt: PATH: /usr/lib64/node_modules/npm/bin/node-gyp-bin:/var/www/localhost/htdocs/laravel_dev/nodejs_ag2/node_modules/.bin:/usr/local/bin:/usr/bin:/bin:/opt/bin:/usr/x86_64-pc-linux-gnu/gcc-bin/4.9.4:/usr/games/bin
10 verbose lifecycle nodejs_ag2@1.0.0~grunt: CWD: /var/www/localhost/htdocs/laravel_dev/nodejs_ag2
11 silly lifecycle nodejs_ag2@1.0.0~grunt: Args: [ '-c', 'grunt' ]
12 silly lifecycle nodejs_ag2@1.0.0~grunt: Returned: code: 3  signal: null
13 info lifecycle nodejs_ag2@1.0.0~grunt: Failed to exec grunt script
14 verbose stack Error: nodejs_ag2@1.0.0 grunt: `grunt`
14 verbose stack Exit status 3
14 verbose stack     at EventEmitter.<anonymous> (/usr/lib64/node_modules/npm/lib/utils/lifecycle.js:279:16)
14 verbose stack     at emitTwo (events.js:106:13)
14 verbose stack     at EventEmitter.emit (events.js:191:7)
14 verbose stack     at ChildProcess.<anonymous> (/usr/lib64/node_modules/npm/lib/utils/spawn.js:40:14)
14 verbose stack     at emitTwo (events.js:106:13)
14 verbose stack     at ChildProcess.emit (events.js:191:7)
14 verbose stack     at maybeClose (internal/child_process.js:885:16)
14 verbose stack     at Process.ChildProcess._handle.onexit (internal/child_process.js:226:5)
15 verbose pkgid nodejs_ag2@1.0.0
16 verbose cwd /var/www/localhost/htdocs/laravel_dev/nodejs_ag2
17 error Linux 4.9.8-calculate
18 error argv "/usr/bin/node" "/usr/bin/npm" "run" "grunt"
19 error node v7.4.0
20 error npm  v4.0.5
21 error code ELIFECYCLE
22 error nodejs_ag2@1.0.0 grunt: `grunt`
22 error Exit status 3
23 error Failed at the nodejs_ag2@1.0.0 grunt script 'grunt'.
23 error Make sure you have the latest version of node.js and npm installed.
23 error If you do, this is most likely a problem with the nodejs_ag2 package,
23 error not with npm itself.
23 error Tell the author that this fails on your system:
23 error     grunt
23 error You can get information on how to open an issue for this project with:
23 error     npm bugs nodejs_ag2
23 error Or if that isn't available, you can get their info via:
23 error     npm owner ls nodejs_ag2
23 error There is likely additional logging output above.
24 verbose exit [ 1, true ]
